Start testing: Jun 06 17:38 MSK
----------------------------------------------------------
1/2 Testing: account
1/2 Test: account
Command: "/home/dima/github/reports/banking/build/check_account"
Directory: /home/dima/github/reports/banking/build
"account" start time: Jun 06 17:38 MSK
Output:
----------------------------------------------------------
Running main() from /home/dima/github/reports/banking/third-party/gtest/googletest/src/gtest_main.cc
[==========] Running 2 tests from 1 test case.
[----------] Global test environment set-up.
[----------] 2 tests from Account
[ RUN      ] Account.Mock
[       OK ] Account.Mock (0 ms)
[ RUN      ] Account.TestAccount
[       OK ] Account.TestAccount (0 ms)
[----------] 2 tests from Account (0 ms total)

[----------] Global test environment tear-down
[==========] 2 tests from 1 test case ran. (0 ms total)
[  PASSED  ] 2 tests.
<end of output>
Test time =   0.00 sec
----------------------------------------------------------
Test Passed.
"account" end time: Jun 06 17:38 MSK
"account" time elapsed: 00:00:00
----------------------------------------------------------

2/2 Testing: transaction
2/2 Test: transaction
Command: "/home/dima/github/reports/banking/build/check_transaction"
Directory: /home/dima/github/reports/banking/build
"transaction" start time: Jun 06 17:38 MSK
Output:
----------------------------------------------------------
Running main() from /home/dima/github/reports/banking/third-party/gtest/googletest/src/gtest_main.cc
[==========] Running 2 tests from 1 test case.
[----------] Global test environment set-up.
[----------] 2 tests from Transaction
[ RUN      ] Transaction.Mock
[       OK ] Transaction.Mock (0 ms)
[ RUN      ] Transaction.TestTransaction
1 send to 2 $400
Balance 1 is 100
Balance 2 is 300
2 send to 1 $300
Balance 2 is 300
Balance 1 is 100
2 send to 1 $246
Balance 2 is 44
Balance 1 is 346
[       OK ] Transaction.TestTransaction (0 ms)
[----------] 2 tests from Transaction (0 ms total)

[----------] Global test environment tear-down
[==========] 2 tests from 1 test case ran. (0 ms total)
[  PASSED  ] 2 tests.
<end of output>
Test time =   0.00 sec
----------------------------------------------------------
Test Passed.
"transaction" end time: Jun 06 17:38 MSK
"transaction" time elapsed: 00:00:00
----------------------------------------------------------

End testing: Jun 06 17:38 MSK
